<?xml version='1.0' encoding='utf-8'?>
<testsuites name="ros_gz_bridge.test_launch_action_classic.launch" tests="2" failures="0" errors="0" time="2.379"><testsuite name="ros_gz_bridge.test_launch_action_classic.launch.launch_tests" tests="2" failures="0" errors="0" skipped="0" time="2.379"><testcase classname="ros_gz_bridge.LaunchActionTest" name="test_termination" time="2.378" /><testcase classname="ros_gz_bridge.LaunchActionTestAfterShutdown" name="test_exit_code" time="0.0" /></testsuite></testsuites>
