<?xml version="1.0" encoding="UTF-8"?>
<testsuites tests="6" failures="0" disabled="0" errors="0" time="0." timestamp="2026-08-31T06:17:59.748" name="AllTests">
  <testsuite name="JointStateRosToGz" tests="2" failures="0" disabled="0" skipped="0" errors="0" time="0." timestamp="2026-08-31T06:17:59.748">
    <testcase name="PositionOnlyDoesNotReadPastVelocityOrEffort" file="/home/docker/bridge_cycle_ws/src/ros_gz_bridge/src/convert/sensor_msgs_TEST.cpp" line="34" status="run" result="completed" time="0." timestamp="2026-08-31T06:17:59.748" classname="ros_gz_bridge.JointStateRosToGz" />
    <testcase name="NameShorterThanPositionDoesNotOverread" file="/home/docker/bridge_cycle_ws/src/ros_gz_bridge/src/convert/sensor_msgs_TEST.cpp" line="53" status="run" result="completed" time="0." timestamp="2026-08-31T06:17:59.748" classname="ros_gz_bridge.JointStateRosToGz" />
  </testsuite>
  <testsuite name="LaserScanRosToGz" tests="2" failures="0" disabled="0" skipped="0" errors="0" time="0." timestamp="2026-08-31T06:17:59.748">
    <testcase name="ComputedCountLargerThanRangesArrayIsClamped" file="/home/docker/bridge_cycle_ws/src/ros_gz_bridge/src/convert/sensor_msgs_TEST.cpp" line="74" status="run" result="completed" time="0." timestamp="2026-08-31T06:17:59.748" classname="ros_gz_bridge.LaserScanRosToGz" />
    <testcase name="EmptyIntensitiesDoesNotOverread" file="/home/docker/bridge_cycle_ws/src/ros_gz_bridge/src/convert/sensor_msgs_TEST.cpp" line="95" status="run" result="completed" time="0." timestamp="2026-08-31T06:17:59.748" classname="ros_gz_bridge.LaserScanRosToGz" />
  </testsuite>
  <testsuite name="LaserScanGzToRos" tests="1" failures="0" disabled="0" skipped="0" errors="0" time="0." timestamp="2026-08-31T06:17:59.748">
    <testcase name="CountLargerThanRangesArrayIsClamped" file="/home/docker/bridge_cycle_ws/src/ros_gz_bridge/src/convert/sensor_msgs_TEST.cpp" line="115" status="run" result="completed" time="0." timestamp="2026-08-31T06:17:59.748" classname="ros_gz_bridge.LaserScanGzToRos" />
  </testsuite>
  <testsuite name="CameraInfoGzToRos" tests="1" failures="0" disabled="0" skipped="0" errors="0" time="0." timestamp="2026-08-31T06:17:59.748">
    <testcase name="IntrinsicsLongerThanRosArrayDoesNotOverflow" file="/home/docker/bridge_cycle_ws/src/ros_gz_bridge/src/convert/sensor_msgs_TEST.cpp" line="144" status="run" result="completed" time="0." timestamp="2026-08-31T06:17:59.748" classname="ros_gz_bridge.CameraInfoGzToRos" />
  </testsuite>
</testsuites>
